* using log directory ‘/run/media/saadat/A/GIMP_test/GIMP/..Rcheck’
* using R version 4.4.2 (2024-10-31)
* using platform: x86_64-redhat-linux-gnu
* R was compiled by
    gcc (GCC) 14.2.1 20240912 (Red Hat 14.2.1-3)
    GNU Fortran (GCC) 14.2.1 20240912 (Red Hat 14.2.1-3)
* running under: Fedora Linux 41 (Workstation Edition)
* using session charset: UTF-8
* checking for file ‘./DESCRIPTION’ ... OK
* this is package ‘GIMP’ version ‘0.1.0’
* package encoding: UTF-8
* checking package namespace information ... OK
* checking package dependencies ... NOTE
Depends: includes the non-default packages:
  'tidyverse', 'valr', 'reshape2', 'ggplot2', 'pheatmap',
  'viridisLite', 'ggplotify', 'readr', 'shiny', 'plotly', 'BiocManager'
Adding so many packages to the search path is excessive and importing
selectively is preferable.
* checking if this is a source package ... OK
* checking if there is a namespace ... OK
* checking for executable files ... OK
* checking for hidden files and directories ... NOTE
Found the following hidden files and directories:
  ..Rcheck
  .git
These were most likely included in error. See section ‘Package
structure’ in the ‘Writing R Extensions’ manual.
* checking for portable file names ... OK
* checking for sufficient/correct file permissions ... OK
* checking whether package ‘GIMP’ can be installed ... OK
* checking installed package size ... NOTE
  installed size is 43.4Mb
  sub-directories of 1Mb or more:
    R     26.9Mb
    data  16.4Mb
* checking package directory ... OK
* checking DESCRIPTION meta-information ... NOTE
Malformed Description field: should contain one or more complete sentences.
License components which are templates and need '+ file LICENSE':
  MIT
Checking should be performed on sources prepared by ‘R CMD build’.
* checking top-level files ... NOTE
File
  LICENSE
is not mentioned in the DESCRIPTION file.
* checking for left-over files ... OK
* checking index information ... OK
* checking package subdirectories ... WARNING
Found the following directory with the name of a check directory:
  ./..Rcheck
Most likely, these were included erroneously.
* checking code files for non-ASCII characters ... OK
* checking R files for syntax errors ... OK
* checking whether the package can be loaded ... OK
* checking whether the package can be loaded with stated dependencies ... OK
* checking whether the package can be unloaded cleanly ... OK
* checking whether the namespace can be loaded with stated dependencies ... OK
* checking whether the namespace can be unloaded cleanly ... OK
* checking loading without being on the library search path ... OK
* checking whether startup messages can be suppressed ... OK
* checking dependencies in R code ... WARNING
'::' or ':::' import not declared from: ‘dplyr’
'library' or 'require' calls not declared from:
  ‘IlluminaHumanMethylation450kanno.ilmn12.hg19’
  ‘IlluminaHumanMethylationEPICanno.ilm10b4.hg19’
  ‘IlluminaHumanMethylationEPICv2anno.20a1.hg38’
'library' or 'require' calls to packages already attached by Depends:
  ‘ggplot2’ ‘plotly’ ‘reshape2’ ‘tidyverse’
  Please remove these calls from your code.
'library' or 'require' calls in package code:
  ‘IlluminaHumanMethylation450kanno.ilmn12.hg19’
  ‘IlluminaHumanMethylationEPICanno.ilm10b4.hg19’
  ‘IlluminaHumanMethylationEPICv2anno.20a1.hg38’
  Please use :: or requireNamespace() instead.
  See section 'Suggested packages' in the 'Writing R Extensions' manual.
Packages in Depends field not imported from:
  ‘BiocManager’ ‘ggplot2’ ‘pheatmap’ ‘reshape2’
  These packages need to be imported from (in the NAMESPACE file)
  for when this namespace is loaded but not attached.
* checking S3 generic/method consistency ... OK
* checking replacement functions ... OK
* checking foreign function calls ... OK
* checking R code for possible problems ... NOTE
File ‘GIMP/R/PackLoad.R’:
  .onLoad calls:
    packageStartupMessage("Thank you for using the GIMP package. Dont forget to cite us!")

See section ‘Good practice’ in '?.onAttach'.

.onLoad: no visible global function definition for ‘install.packages’
create_bedmeth: no visible global function definition for
  ‘getAnnotation’
create_bedmeth: no visible binding for global variable
  ‘IlluminaHumanMethylationEPICanno.ilm10b4.hg19’
create_bedmeth: no visible global function definition for
  ‘rownames_to_column’
create_bedmeth: no visible binding for global variable ‘chr’
create_bedmeth: no visible binding for global variable ‘pos’
create_bedmeth: no visible binding for global variable ‘probeID’
create_bedmeth: no visible global function definition for ‘relocate’
create_bedmeth: no visible binding for global variable ‘end’
create_bedmeth: no visible binding for global variable
  ‘IlluminaHumanMethylation450kanno.ilmn12.hg19’
iDMPs: no visible global function definition for ‘relevel’
iDMPs: no visible global function definition for ‘model.matrix’
iDMPs: no visible global function definition for ‘lmFit’
iDMPs: no visible global function definition for ‘eBayes’
iDMPs: no visible global function definition for ‘topTable’
iDMR_heatmap: no visible global function definition for ‘data’
iDMR_heatmap: no visible binding for global variable ‘DMRs.hg19’
iDMR_heatmap: no visible binding for global variable ‘DMRs.hg38’
iDMR_heatmap: no visible global function definition for ‘setNames’
iDMR_heatmap: no visible global function definition for
  ‘colorRampPalette’
iDMR_heatmap: no visible binding for global variable ‘sd’
iDMR_heatmap: no visible global function definition for ‘pheatmap’
make_ICRs: no visible global function definition for ‘data’
make_ICRs: no visible binding for global variable ‘DMRs.hg19’
make_ICRs: no visible binding for global variable ‘DMRs.hg38’
make_ICRs: no visible binding for global variable ‘chrom’
make_ICRs: no visible binding for global variable ‘chr’
make_ICRs: no visible binding for global variable ‘start.x’
make_ICRs: no visible binding for global variable ‘probeID.y’
make_ICRs: no visible binding for global variable ‘start.y’
make_ICRs: no visible binding for global variable ‘ICR.x’
make_ICRs: no visible binding for global variable ‘end.x’
make_ICRs: no visible global function definition for
  ‘rownames_to_column’
make_ICRs: no visible global function definition for ‘full_join’
make_ICRs: no visible binding for global variable ‘ICR’
make_ICRs: no visible binding for global variable ‘.’
make_ICRs: no visible binding for global variable ‘probeID’
make_ICRs: no visible binding for global variable ‘start’
make_ICRs: no visible binding for global variable ‘end’
make_ICRs: no visible global function definition for ‘summarise_all’
make_ICRs: no visible global function definition for ‘across’
make_ICRs: no visible global function definition for
  ‘column_to_rownames’
make_cpgs: no visible global function definition for ‘data’
make_cpgs: no visible binding for global variable ‘DMRs.hg19’
make_cpgs: no visible binding for global variable ‘DMRs.hg38’
make_cpgs: no visible binding for global variable ‘chrom’
make_cpgs: no visible binding for global variable ‘chr’
make_cpgs: no visible binding for global variable ‘start.x’
make_cpgs: no visible binding for global variable ‘probeID.y’
make_cpgs: no visible binding for global variable ‘start.y’
make_cpgs: no visible binding for global variable ‘ICR.x’
make_cpgs: no visible binding for global variable ‘end.x’
make_cpgs: no visible global function definition for
  ‘rownames_to_column’
make_cpgs: no visible global function definition for ‘full_join’
make_cpgs: no visible global function definition for ‘na.omit’
make_cpgs: no visible binding for global variable ‘ICR’
make_cpgs: no visible global function definition for
  ‘column_to_rownames’
plot_CpG_coverage: no visible global function definition for ‘data’
plot_CpG_coverage: no visible binding for global variable ‘ICR’
plot_CpG_coverage: no visible global function definition for
  ‘summarize’
plot_CpG_coverage: no visible global function definition for ‘n’
plot_CpG_coverage: no visible binding for global variable ‘DMRs.hg19’
plot_CpG_coverage: no visible binding for global variable ‘DMRs.hg38’
plot_CpG_coverage: no visible binding for global variable ‘chrom’
plot_CpG_coverage: no visible binding for global variable ‘chr’
plot_CpG_coverage: no visible binding for global variable ‘start.x’
plot_CpG_coverage: no visible binding for global variable ‘probeID.y’
plot_CpG_coverage: no visible binding for global variable ‘start.y’
plot_CpG_coverage: no visible binding for global variable ‘ICR.x’
plot_CpG_coverage: no visible binding for global variable ‘end.x’
plot_CpG_coverage: no visible global function definition for
  ‘full_join’
plot_CpG_coverage: no visible binding for global variable ‘n_cpgs’
plot_CpG_coverage: no visible binding for global variable ‘Total_cov’
plot_CpG_coverage: no visible global function definition for
  ‘replace_na’
plot_CpG_coverage: no visible global function definition for
  ‘pivot_longer’
plot_CpG_coverage: no visible global function definition for ‘ggplot’
plot_CpG_coverage: no visible global function definition for ‘aes’
plot_CpG_coverage: no visible global function definition for ‘reorder’
plot_CpG_coverage: no visible binding for global variable ‘Count’
plot_CpG_coverage: no visible binding for global variable ‘Measure’
plot_CpG_coverage: no visible global function definition for ‘geom_bar’
plot_CpG_coverage: no visible global function definition for
  ‘position_dodge’
plot_CpG_coverage: no visible global function definition for ‘labs’
plot_CpG_coverage: no visible global function definition for ‘theme’
plot_CpG_coverage: no visible global function definition for
  ‘element_text’
plot_CpG_coverage: no visible global function definition for ‘theme_bw’
plot_CpG_coverage: no visible global function definition for
  ‘coord_flip’
plot_CpG_coverage: no visible global function definition for
  ‘scale_y_continuous’
plot_CpG_coverage: no visible global function definition for
  ‘element_line’
plot_CpG_coverage: no visible binding for global variable
  ‘Percentage_cov’
plot_line_region: no visible global function definition for ‘ggplot’
plot_line_region: no visible global function definition for ‘aes’
plot_line_region: no visible binding for global variable ‘cstart’
plot_line_region: no visible binding for global variable ‘Methylation’
plot_line_region: no visible binding for global variable ‘Sample’
plot_line_region: no visible binding for global variable ‘Type’
plot_line_region: no visible global function definition for ‘geom_line’
plot_line_region: no visible global function definition for
  ‘geom_point’
plot_line_region: no visible global function definition for
  ‘geom_vline’
plot_line_region: no visible binding for global variable ‘x’
plot_line_region: no visible global function definition for ‘geom_rug’
plot_line_region: no visible global function definition for
  ‘scale_color_manual’
plot_line_region: no visible global function definition for
  ‘scale_linetype_manual’
plot_line_region: no visible global function definition for ‘labs’
plot_line_region: no visible global function definition for
  ‘theme_minimal’
plot_line_region: no visible global function definition for ‘theme’
Undefined global functions or variables:
  . Count DMRs.hg19 DMRs.hg38 ICR ICR.x
  IlluminaHumanMethylation450kanno.ilmn12.hg19
  IlluminaHumanMethylationEPICanno.ilm10b4.hg19 Measure Methylation
  Percentage_cov Sample Total_cov Type across aes chr chrom
  colorRampPalette column_to_rownames coord_flip cstart data eBayes
  element_line element_text end end.x full_join geom_bar geom_line
  geom_point geom_rug geom_vline getAnnotation ggplot install.packages
  labs lmFit model.matrix n n_cpgs na.omit pheatmap pivot_longer pos
  position_dodge probeID probeID.y relevel relocate reorder replace_na
  rownames_to_column scale_color_manual scale_linetype_manual
  scale_y_continuous sd setNames start start.x start.y summarise_all
  summarize theme theme_bw theme_minimal topTable x
Consider adding
  importFrom("grDevices", "colorRampPalette")
  importFrom("stats", "end", "model.matrix", "na.omit", "relevel",
             "reorder", "sd", "setNames", "start")
  importFrom("utils", "data", "install.packages")
to your NAMESPACE file.
* checking Rd files ... OK
* checking Rd metadata ... OK
* checking Rd cross-references ... OK
* checking for missing documentation entries ... WARNING
Undocumented code objects:
  ‘iDMPs’
All user-level objects in a package should have documentation entries.
See chapter ‘Writing R documentation files’ in the ‘Writing R
Extensions’ manual.
* checking for code/documentation mismatches ... OK
* checking Rd \usage sections ... OK
* checking Rd contents ... OK
* checking for unstated dependencies in examples ... OK
* checking contents of ‘data’ directory ... OK
* checking data for non-ASCII characters ... OK
* checking LazyData ... OK
* checking data for ASCII and uncompressed saves ... OK
* checking examples ... ERROR
Running examples in ‘GIMP-Ex.R’ failed
The error most likely occurred in:

> ### Name: iDMR_heatmap
> ### Title: Generate Heatmap of Imprinted DMRs Methylation
> ### Aliases: iDMR_heatmap
> 
> ### ** Examples
> 
> # Example sampleInfo with "Case" and "Control" labels for each sample
> sampleInfo <- c(rep("Case", 10), rep("Control", 10))
> DMR_heatmap(df_ICR = my_ICR_data, sampleInfo = sampleInfo, annotation_col = list(Sample = c("darkgreen", "darkred")))
Error in DMR_heatmap(df_ICR = my_ICR_data, sampleInfo = sampleInfo, annotation_col = list(Sample = c("darkgreen",  : 
  could not find function "DMR_heatmap"
Execution halted
* checking PDF version of manual ... OK
* DONE
Status: 1 ERROR, 3 WARNINGs, 6 NOTEs
